[2025-08-10 20:19:46] [INFO] [video] videos.php request start {"method":"GET","ip":"::1","ua":"Mozilla/5.0 (X11; Linux x86_64) AppleWebKit/537.36 (KHTML, like Gecko) Chrome/138.0.0.0 Safari/537.36"}
[2025-08-10 20:19:46] [INFO] [video] Computed fetch limit {"isInitial":false,"lastUpdatedEpoch":1754757620,"ageDays":1,"fetchLimit":3,"perDayMultiplier":3}
[2025-08-10 20:19:46] [INFO] [video] Fetching latest video IDs {"limit":3}
[2025-08-10 20:20:04] [INFO] [video] videos.php request start {"method":"GET","ip":"::1","ua":"Mozilla/5.0 (X11; Linux x86_64) AppleWebKit/537.36 (KHTML, like Gecko) Chrome/138.0.0.0 Safari/537.36"}
[2025-08-10 20:20:04] [INFO] [video] Computed fetch limit {"isInitial":false,"lastUpdatedEpoch":1754757620,"ageDays":1,"fetchLimit":3,"perDayMultiplier":3}
[2025-08-10 20:20:04] [INFO] [video] Fetching latest video IDs {"limit":3}
[2025-08-10 20:20:24] [ERROR] [video] HTTP request failed {"url":"https://www.googleapis.com/youtube/v3/search?key=AIzaSyAVaWhY-20hhe2XHTSGWzbxVLqUsyhFb7k&channelId=UCsfxqDhPpjHQBjymEFK5r9Q&part=snippet,id&order=date&maxResults=2&pageToken=CEsQAA","status":403,"error":"","responseBodyPreview":"{\n  \"error\": {\n    \"code\": 403,\n    \"message\": \"The request cannot be completed because you have exceeded your \\u003ca href=\\\"/youtube/v3/getting-started#quota\\\"\\u003equota\\u003c/a\\u003e.\",\n    \"errors\": [\n      {\n        \"message\": \"The request cannot be completed because you have exceeded your \\u003ca href=\\\"/youtube/v3/getting-started#quota\\\"\\u003equota\\u003c/a\\u003e.\",\n        \"domain\": \"youtube.quota\",\n        \"reason\": \"quotaExceeded\"\n      }\n    ]\n  }\n}\n"}
[2025-08-10 20:20:24] [ERROR] [video] Unhandled exception {"exception":{"type":"Exception","message":"HTTP request failed: status 403","code":0,"file":"/media/bymjk/D0A0F7F9A0F7E3BE1/Manoj kumar/Shruti Ji/portfolio-website/protfolio-new/old/videos.php","line":37}}
[2025-08-10 20:20:24] [INFO] [video] Serving cache {"totalVideos":446}
[2025-08-10 20:20:24] [ERROR] [video] HTTP request failed {"url":"https://www.googleapis.com/youtube/v3/search?key=AIzaSyAVaWhY-20hhe2XHTSGWzbxVLqUsyhFb7k&channelId=UCsfxqDhPpjHQBjymEFK5r9Q&part=snippet,id&order=date&maxResults=2&pageToken=CIEBEAA","status":403,"error":"","responseBodyPreview":"{\n  \"error\": {\n    \"code\": 403,\n    \"message\": \"The request cannot be completed because you have exceeded your \\u003ca href=\\\"/youtube/v3/getting-started#quota\\\"\\u003equota\\u003c/a\\u003e.\",\n    \"errors\": [\n      {\n        \"message\": \"The request cannot be completed because you have exceeded your \\u003ca href=\\\"/youtube/v3/getting-started#quota\\\"\\u003equota\\u003c/a\\u003e.\",\n        \"domain\": \"youtube.quota\",\n        \"reason\": \"quotaExceeded\"\n      }\n    ]\n  }\n}\n"}
[2025-08-10 20:20:24] [ERROR] [video] Unhandled exception {"exception":{"type":"Exception","message":"HTTP request failed: status 403","code":0,"file":"/media/bymjk/D0A0F7F9A0F7E3BE1/Manoj kumar/Shruti Ji/portfolio-website/protfolio-new/old/videos.php","line":37}}
[2025-08-10 20:20:24] [INFO] [video] Serving cache {"totalVideos":446}
[2025-08-10 20:20:44] [INFO] [video] videos.php request start {"method":"GET","ip":"::1","ua":"Mozilla/5.0 (X11; Linux x86_64) AppleWebKit/537.36 (KHTML, like Gecko) Chrome/138.0.0.0 Safari/537.36"}
[2025-08-10 20:20:44] [INFO] [video] Computed fetch limit {"isInitial":false,"lastUpdatedEpoch":1754757620,"ageDays":1,"fetchLimit":3,"perDayMultiplier":3}
[2025-08-10 20:20:44] [INFO] [video] Fetching latest video IDs {"limit":3}
[2025-08-10 20:20:44] [ERROR] [video] HTTP request failed {"url":"https://www.googleapis.com/youtube/v3/search?key=AIzaSyAVaWhY-20hhe2XHTSGWzbxVLqUsyhFb7k&channelId=UCsfxqDhPpjHQBjymEFK5r9Q&part=snippet,id&order=date&maxResults=3","status":403,"error":"","responseBodyPreview":"{\n  \"error\": {\n    \"code\": 403,\n    \"message\": \"The request cannot be completed because you have exceeded your \\u003ca href=\\\"/youtube/v3/getting-started#quota\\\"\\u003equota\\u003c/a\\u003e.\",\n    \"errors\": [\n      {\n        \"message\": \"The request cannot be completed because you have exceeded your \\u003ca href=\\\"/youtube/v3/getting-started#quota\\\"\\u003equota\\u003c/a\\u003e.\",\n        \"domain\": \"youtube.quota\",\n        \"reason\": \"quotaExceeded\"\n      }\n    ]\n  }\n}\n"}
[2025-08-10 20:20:44] [ERROR] [video] Unhandled exception {"exception":{"type":"Exception","message":"HTTP request failed: status 403","code":0,"file":"/media/bymjk/D0A0F7F9A0F7E3BE1/Manoj kumar/Shruti Ji/portfolio-website/protfolio-new/old/videos.php","line":37}}
[2025-08-10 20:20:44] [INFO] [video] Serving cache {"totalVideos":446}
[2025-08-10 20:21:04] [INFO] [video] videos.php request start {"method":"GET","ip":"::1","ua":"Mozilla/5.0 (X11; Linux x86_64) AppleWebKit/537.36 (KHTML, like Gecko) Chrome/138.0.0.0 Safari/537.36"}
[2025-08-10 20:21:04] [INFO] [video] Computed fetch limit {"isInitial":false,"lastUpdatedEpoch":1754757620,"ageDays":1,"fetchLimit":3,"perDayMultiplier":3}
[2025-08-10 20:21:04] [INFO] [video] Fetching latest video IDs {"limit":3}
[2025-08-10 20:21:04] [ERROR] [video] HTTP request failed {"url":"https://www.googleapis.com/youtube/v3/search?key=AIzaSyAVaWhY-20hhe2XHTSGWzbxVLqUsyhFb7k&channelId=UCsfxqDhPpjHQBjymEFK5r9Q&part=snippet,id&order=date&maxResults=3","status":403,"error":"","responseBodyPreview":"{\n  \"error\": {\n    \"code\": 403,\n    \"message\": \"The request cannot be completed because you have exceeded your \\u003ca href=\\\"/youtube/v3/getting-started#quota\\\"\\u003equota\\u003c/a\\u003e.\",\n    \"errors\": [\n      {\n        \"message\": \"The request cannot be completed because you have exceeded your \\u003ca href=\\\"/youtube/v3/getting-started#quota\\\"\\u003equota\\u003c/a\\u003e.\",\n        \"domain\": \"youtube.quota\",\n        \"reason\": \"quotaExceeded\"\n      }\n    ]\n  }\n}\n"}
[2025-08-10 20:21:04] [ERROR] [video] Unhandled exception {"exception":{"type":"Exception","message":"HTTP request failed: status 403","code":0,"file":"/media/bymjk/D0A0F7F9A0F7E3BE1/Manoj kumar/Shruti Ji/portfolio-website/protfolio-new/old/videos.php","line":37}}
[2025-08-10 20:21:04] [INFO] [video] Serving cache {"totalVideos":446}
